mode: set
main/2/hw/SeaBattleVer2/player_mock.go:25.57,29.2 3 1
main/2/hw/SeaBattleVer2/player_mock.go:32.55,34.2 1 1
main/2/hw/SeaBattleVer2/player_mock.go:37.60,43.2 5 1
main/2/hw/SeaBattleVer2/player_mock.go:46.73,49.2 2 1
main/2/hw/SeaBattleVer2/player_mock.go:52.40,57.2 4 0
main/2/hw/SeaBattleVer2/player_mock.go:60.59,63.2 2 0
main/2/hw/SeaBattleVer2/player_mock.go:66.40,71.2 4 0
main/2/hw/SeaBattleVer2/player_mock.go:74.59,77.2 2 0
main/2/hw/SeaBattleVer2/player_mock.go:80.61,86.2 5 0
main/2/hw/SeaBattleVer2/player_mock.go:89.74,92.2 2 0
main/2/hw/SeaBattleVer2/player_mock.go:95.42,100.2 4 0
main/2/hw/SeaBattleVer2/player_mock.go:103.64,106.2 2 0
main/2/hw/SeaBattleVer2/player_mock.go:109.42,112.2 2 0
main/2/hw/SeaBattleVer2/player_mock.go:115.73,118.2 2 0
main/2/hw/SeaBattleVer2/sea_battle.go:67.55,72.2 1 0
main/2/hw/SeaBattleVer2/sea_battle.go:96.59,98.32 2 0
main/2/hw/SeaBattleVer2/sea_battle.go:102.2,106.3 1 0
main/2/hw/SeaBattleVer2/sea_battle.go:98.32,100.3 1 0
main/2/hw/SeaBattleVer2/sea_battle.go:115.39,117.16 2 0
main/2/hw/SeaBattleVer2/sea_battle.go:121.2,123.16 3 0
main/2/hw/SeaBattleVer2/sea_battle.go:127.2,127.26 1 0
main/2/hw/SeaBattleVer2/sea_battle.go:117.16,120.3 2 0
main/2/hw/SeaBattleVer2/sea_battle.go:123.16,126.3 2 0
main/2/hw/SeaBattleVer2/sea_battle.go:127.26,128.26 1 0
main/2/hw/SeaBattleVer2/sea_battle.go:128.26,129.8 1 0
main/2/hw/SeaBattleVer2/sea_battle.go:129.8,133.10 4 0
main/2/hw/SeaBattleVer2/sea_battle.go:141.44,146.24 4 0
main/2/hw/SeaBattleVer2/sea_battle.go:241.2,241.23 1 0
main/2/hw/SeaBattleVer2/sea_battle.go:246.2,246.42 1 0
main/2/hw/SeaBattleVer2/sea_battle.go:146.24,150.35 3 0
main/2/hw/SeaBattleVer2/sea_battle.go:156.3,156.65 1 0
main/2/hw/SeaBattleVer2/sea_battle.go:150.35,154.4 2 0
main/2/hw/SeaBattleVer2/sea_battle.go:156.65,157.25 1 0
main/2/hw/SeaBattleVer2/sea_battle.go:161.4,161.15 1 0
main/2/hw/SeaBattleVer2/sea_battle.go:165.4,165.11 1 0
main/2/hw/SeaBattleVer2/sea_battle.go:235.4,235.24 1 0
main/2/hw/SeaBattleVer2/sea_battle.go:157.25,158.10 1 0
main/2/hw/SeaBattleVer2/sea_battle.go:161.15,163.5 1 0
main/2/hw/SeaBattleVer2/sea_battle.go:166.20,168.31 1 0
main/2/hw/SeaBattleVer2/sea_battle.go:199.20,200.71 1 0
main/2/hw/SeaBattleVer2/sea_battle.go:168.31,170.13 2 0
main/2/hw/SeaBattleVer2/sea_battle.go:196.6,196.11 1 0
main/2/hw/SeaBattleVer2/sea_battle.go:171.21,172.28 1 0
main/2/hw/SeaBattleVer2/sea_battle.go:180.7,181.14 2 0
main/2/hw/SeaBattleVer2/sea_battle.go:183.21,186.28 3 0
main/2/hw/SeaBattleVer2/sea_battle.go:172.28,179.8 2 0
main/2/hw/SeaBattleVer2/sea_battle.go:186.28,193.8 2 0
main/2/hw/SeaBattleVer2/sea_battle.go:200.71,202.17 1 0
main/2/hw/SeaBattleVer2/sea_battle.go:205.6,205.27 1 0
main/2/hw/SeaBattleVer2/sea_battle.go:209.6,209.28 1 0
main/2/hw/SeaBattleVer2/sea_battle.go:202.17,204.7 1 0
main/2/hw/SeaBattleVer2/sea_battle.go:205.27,206.12 1 0
main/2/hw/SeaBattleVer2/sea_battle.go:209.28,212.14 2 0
main/2/hw/SeaBattleVer2/sea_battle.go:229.7,229.12 1 0
main/2/hw/SeaBattleVer2/sea_battle.go:213.22,214.29 1 0
main/2/hw/SeaBattleVer2/sea_battle.go:218.8,219.15 2 0
main/2/hw/SeaBattleVer2/sea_battle.go:220.22,223.29 3 0
main/2/hw/SeaBattleVer2/sea_battle.go:214.29,217.9 2 0
main/2/hw/SeaBattleVer2/sea_battle.go:223.29,226.9 2 0
main/2/hw/SeaBattleVer2/sea_battle.go:235.24,236.10 1 0
main/2/hw/SeaBattleVer2/sea_battle.go:241.23,244.3 2 0
main/2/hw/SeaBattleVer2/sea_battle.go:255.42,259.9 4 0
main/2/hw/SeaBattleVer2/sea_battle.go:260.33,261.31 1 0
main/2/hw/SeaBattleVer2/sea_battle.go:272.3,272.55 1 0
main/2/hw/SeaBattleVer2/sea_battle.go:294.3,295.10 2 0
main/2/hw/SeaBattleVer2/sea_battle.go:296.35,297.26 1 0
main/2/hw/SeaBattleVer2/sea_battle.go:308.3,308.55 1 0
main/2/hw/SeaBattleVer2/sea_battle.go:261.31,264.17 2 0
main/2/hw/SeaBattleVer2/sea_battle.go:267.4,267.27 1 0
main/2/hw/SeaBattleVer2/sea_battle.go:264.17,266.5 1 0
main/2/hw/SeaBattleVer2/sea_battle.go:267.27,269.5 1 0
main/2/hw/SeaBattleVer2/sea_battle.go:272.55,274.27 1 0
main/2/hw/SeaBattleVer2/sea_battle.go:277.4,277.17 1 0
main/2/hw/SeaBattleVer2/sea_battle.go:280.4,280.22 1 0
main/2/hw/SeaBattleVer2/sea_battle.go:274.27,276.5 1 0
main/2/hw/SeaBattleVer2/sea_battle.go:277.17,279.5 1 0
main/2/hw/SeaBattleVer2/sea_battle.go:280.22,282.46 2 0
main/2/hw/SeaBattleVer2/sea_battle.go:282.46,284.19 2 0
main/2/hw/SeaBattleVer2/sea_battle.go:287.6,287.29 1 0
main/2/hw/SeaBattleVer2/sea_battle.go:284.19,286.7 1 0
main/2/hw/SeaBattleVer2/sea_battle.go:287.29,289.7 1 0
main/2/hw/SeaBattleVer2/sea_battle.go:297.26,300.22 2 0
main/2/hw/SeaBattleVer2/sea_battle.go:303.4,303.32 1 0
main/2/hw/SeaBattleVer2/sea_battle.go:300.22,302.5 1 0
main/2/hw/SeaBattleVer2/sea_battle.go:303.32,305.5 1 0
main/2/hw/SeaBattleVer2/sea_battle.go:308.55,310.32 1 0
main/2/hw/SeaBattleVer2/sea_battle.go:313.4,313.22 1 0
main/2/hw/SeaBattleVer2/sea_battle.go:316.4,316.17 1 0
main/2/hw/SeaBattleVer2/sea_battle.go:310.32,312.5 1 0
main/2/hw/SeaBattleVer2/sea_battle.go:313.22,315.5 1 0
main/2/hw/SeaBattleVer2/sea_battle.go:316.17,318.46 2 0
main/2/hw/SeaBattleVer2/sea_battle.go:318.46,320.24 2 0
main/2/hw/SeaBattleVer2/sea_battle.go:323.6,323.34 1 0
main/2/hw/SeaBattleVer2/sea_battle.go:320.24,322.7 1 0
main/2/hw/SeaBattleVer2/sea_battle.go:323.34,325.7 1 0
main/2/hw/SeaBattleVer2/sea_battle.go:334.47,339.19 4 0
main/2/hw/SeaBattleVer2/sea_battle.go:344.2,344.19 1 0
main/2/hw/SeaBattleVer2/sea_battle.go:350.2,350.46 1 0
main/2/hw/SeaBattleVer2/sea_battle.go:361.2,361.19 1 0
main/2/hw/SeaBattleVer2/sea_battle.go:339.19,341.3 1 0
main/2/hw/SeaBattleVer2/sea_battle.go:341.8,341.32 1 0
main/2/hw/SeaBattleVer2/sea_battle.go:341.32,343.3 1 0
main/2/hw/SeaBattleVer2/sea_battle.go:344.19,346.3 1 0
main/2/hw/SeaBattleVer2/sea_battle.go:346.8,346.32 1 0
main/2/hw/SeaBattleVer2/sea_battle.go:346.32,348.3 1 0
main/2/hw/SeaBattleVer2/sea_battle.go:350.46,351.47 1 0
main/2/hw/SeaBattleVer2/sea_battle.go:351.47,352.44 1 0
main/2/hw/SeaBattleVer2/sea_battle.go:352.44,356.5 2 0
main/2/hw/SeaBattleVer2/sea_battle.go:364.28,366.2 0 0
main/2/hw/SeaBattleVer2/sea_battle.go:373.37,376.33 3 0
main/2/hw/SeaBattleVer2/sea_battle.go:383.2,386.3 1 0
main/2/hw/SeaBattleVer2/sea_battle.go:376.33,379.34 3 0
main/2/hw/SeaBattleVer2/sea_battle.go:379.34,381.4 1 0
main/2/hw/SeaBattleVer2/sea_battle.go:389.26,390.36 1 0
main/2/hw/SeaBattleVer2/sea_battle.go:390.36,391.37 1 0
main/2/hw/SeaBattleVer2/sea_battle.go:394.3,394.16 1 0
main/2/hw/SeaBattleVer2/sea_battle.go:391.37,393.4 1 0
main/2/hw/SeaBattleVer2/sea_battle.go:398.44,400.33 2 0
main/2/hw/SeaBattleVer2/sea_battle.go:408.2,408.20 1 0
main/2/hw/SeaBattleVer2/sea_battle.go:400.33,403.34 3 0
main/2/hw/SeaBattleVer2/sea_battle.go:403.34,405.4 1 0
main/2/hw/SeaBattleVer2/sea_battle.go:412.85,413.9 1 0
main/2/hw/SeaBattleVer2/sea_battle.go:414.17,416.37 2 0
main/2/hw/SeaBattleVer2/sea_battle.go:437.16,440.37 2 0
main/2/hw/SeaBattleVer2/sea_battle.go:416.37,420.38 2 0
main/2/hw/SeaBattleVer2/sea_battle.go:435.4,435.31 1 0
main/2/hw/SeaBattleVer2/sea_battle.go:420.38,421.33 1 0
main/2/hw/SeaBattleVer2/sea_battle.go:422.15,423.29 1 0
main/2/hw/SeaBattleVer2/sea_battle.go:424.20,425.17 1 0
main/2/hw/SeaBattleVer2/sea_battle.go:426.15,427.29 1 0
main/2/hw/SeaBattleVer2/sea_battle.go:428.15,429.31 1 0
main/2/hw/SeaBattleVer2/sea_battle.go:430.19,431.31 1 0
main/2/hw/SeaBattleVer2/sea_battle.go:440.37,442.38 2 0
main/2/hw/SeaBattleVer2/sea_battle.go:457.4,457.31 1 0
main/2/hw/SeaBattleVer2/sea_battle.go:442.38,443.37 1 0
main/2/hw/SeaBattleVer2/sea_battle.go:446.5,446.74 1 0
main/2/hw/SeaBattleVer2/sea_battle.go:449.5,449.37 1 0
main/2/hw/SeaBattleVer2/sea_battle.go:452.5,452.41 1 0
main/2/hw/SeaBattleVer2/sea_battle.go:443.37,445.6 1 0
main/2/hw/SeaBattleVer2/sea_battle.go:446.74,448.6 1 0
main/2/hw/SeaBattleVer2/sea_battle.go:449.37,451.6 1 0
main/2/hw/SeaBattleVer2/sea_battle.go:452.41,454.6 1 0
main/2/hw/SeaBattleVer2/sea_battle.go:463.43,471.71 2 0
main/2/hw/SeaBattleVer2/sea_battle.go:479.2,479.34 1 0
main/2/hw/SeaBattleVer2/sea_battle.go:498.2,499.13 2 0
main/2/hw/SeaBattleVer2/sea_battle.go:471.71,478.3 4 0
main/2/hw/SeaBattleVer2/sea_battle.go:479.34,485.38 2 0
main/2/hw/SeaBattleVer2/sea_battle.go:485.38,489.4 3 0
main/2/hw/SeaBattleVer2/sea_battle.go:489.9,495.4 4 0
main/2/hw/SeaBattleVer2/sea_battle.go:502.13,521.6 13 0
main/2/hw/SeaBattleVer2/sea_battle.go:521.6,523.18 2 0
main/2/hw/SeaBattleVer2/sea_battle.go:556.3,556.28 1 0
main/2/hw/SeaBattleVer2/sea_battle.go:523.18,535.18 6 0
main/2/hw/SeaBattleVer2/sea_battle.go:540.4,548.33 3 0
main/2/hw/SeaBattleVer2/sea_battle.go:552.4,552.33 1 0
main/2/hw/SeaBattleVer2/sea_battle.go:535.18,537.13 2 0
main/2/hw/SeaBattleVer2/sea_battle.go:548.33,550.5 1 0
main/2/hw/SeaBattleVer2/sea_battle.go:552.33,554.5 1 0
main/2/hw/SeaBattleVer2/sea_battle.go:560.69,561.20 1 0
main/2/hw/SeaBattleVer2/sea_battle.go:565.2,565.15 1 0
main/2/hw/SeaBattleVer2/sea_battle.go:572.2,572.45 1 0
main/2/hw/SeaBattleVer2/sea_battle.go:561.20,563.3 1 0
main/2/hw/SeaBattleVer2/sea_battle.go:566.16,567.32 1 0
main/2/hw/SeaBattleVer2/sea_battle.go:572.45,574.3 1 0
main/2/hw/SeaBattleVer2/sea_battle.go:574.8,577.3 2 0
main/2/hw/SeaBattleVer2/sea_battle.go:583.40,586.36 2 0
main/2/hw/SeaBattleVer2/sea_battle.go:590.2,591.16 2 0
main/2/hw/SeaBattleVer2/sea_battle.go:594.2,594.24 1 0
main/2/hw/SeaBattleVer2/sea_battle.go:598.2,598.12 1 0
main/2/hw/SeaBattleVer2/sea_battle.go:586.36,588.3 1 0
main/2/hw/SeaBattleVer2/sea_battle.go:591.16,593.3 1 0
main/2/hw/SeaBattleVer2/sea_battle.go:594.24,596.3 1 0
main/2/hw/SeaBattleVer2/sea_battle.go:619.70,625.2 1 0
main/2/hw/SeaBattleVer2/sea_battle.go:627.82,630.2 2 0
main/2/hw/SeaBattleVer2/sea_battle.go:632.83,634.2 1 0
main/2/hw/SeaBattleVer2/sea_battle.go:636.40,638.2 1 0
main/2/hw/SeaBattleVer2/sea_battle.go:640.40,642.2 1 0
main/2/hw/SeaBattleVer2/sea_battle.go:644.42,646.2 1 0
main/2/hw/SeaBattleVer2/sea_battle.go:648.42,650.2 1 0
main/2/hw/SeaBattleVer2/sea_battle.go:660.60,667.2 1 0
main/2/hw/SeaBattleVer2/sea_battle.go:669.53,675.2 1 0
main/2/hw/SeaBattleVer2/sea_battle.go:677.82,680.2 2 0
main/2/hw/SeaBattleVer2/sea_battle.go:682.83,685.2 2 0
main/2/hw/SeaBattleVer2/sea_battle.go:687.40,689.2 1 0
main/2/hw/SeaBattleVer2/sea_battle.go:691.40,693.2 1 0
main/2/hw/SeaBattleVer2/sea_battle.go:695.42,697.2 1 0
main/2/hw/SeaBattleVer2/sea_battle.go:699.42,701.2 1 0
main/2/hw/SeaBattleVer2/sea_battle.go:710.49,717.17 5 1
main/2/hw/SeaBattleVer2/sea_battle.go:727.2,727.16 1 1
main/2/hw/SeaBattleVer2/sea_battle.go:730.2,730.17 1 1
main/2/hw/SeaBattleVer2/sea_battle.go:734.2,734.14 1 0
main/2/hw/SeaBattleVer2/sea_battle.go:717.17,721.62 2 0
main/2/hw/SeaBattleVer2/sea_battle.go:721.62,723.4 1 0
main/2/hw/SeaBattleVer2/sea_battle.go:723.9,725.4 1 0
main/2/hw/SeaBattleVer2/sea_battle.go:727.16,729.3 1 0
main/2/hw/SeaBattleVer2/sea_battle.go:730.17,732.3 1 1
main/2/hw/SeaBattleVer2/sea_battle.go:737.50,743.2 3 0
main/2/hw/SeaBattleVer2/sea_battle.go:745.51,746.9 1 0
main/2/hw/SeaBattleVer2/sea_battle.go:747.29,748.23 1 0
main/2/hw/SeaBattleVer2/sea_battle.go:749.29,750.23 1 0
main/2/hw/SeaBattleVer2/sea_battle.go:753.41,759.2 1 1
